[INFO] Scanning for projects...
[INFO] 
[INFO] ---------------------< com.atschecker:ats-checker >---------------------
[INFO] Building ats-checker 0.0.1-SNAPSHOT
[INFO]   from pom.xml
[INFO] --------------------------------[ jar ]---------------------------------
[INFO] 
[INFO] --- resources:3.3.1:resources (default-resources) @ ats-checker ---
[INFO] Copying 1 resource from src\main\resources to target\classes
[INFO] Copying 0 resource from src\main\resources to target\classes
[INFO] 
[INFO] --- compiler:3.11.0:compile (default-compile) @ ats-checker ---
[INFO] Changes detected - recompiling the module! :source
[INFO] Compiling 8 source files with javac [debug release 17] to target\classes
[INFO] -------------------------------------------------------------
[ERROR] COMPILATION ERROR : 
[INFO] -------------------------------------------------------------
[ERROR] /C:/Users/91887/OneDrive/Desktop/ATSCheker/src/main/java/com/atschecker/service/impl/AnalysisServiceImpl.java:[48,32] cannot find symbol
  symbol:   method builder()
  location: class com.atschecker.dto.AnalysisResponse
[INFO] 1 error
[INFO] -------------------------------------------------------------
[INFO] ------------------------------------------------------------------------
[INFO] BUILD FAILURE
[INFO] ------------------------------------------------------------------------
[INFO] Total time:  9.535 s
[INFO] Finished at: 2026-02-10T09:24:58+05:30
[INFO] ------------------------------------------------------------------------
[ERROR] Failed to execute goal org.apache.maven.plugins:maven-compiler-plugin:3.11.0:compile (default-compile) on project ats-checker: Compilation failure
[ERROR] /C:/Users/91887/OneDrive/Desktop/ATSCheker/src/main/java/com/atschecker/service/impl/AnalysisServiceImpl.java:[48,32] cannot find symbol
[ERROR]   symbol:   method builder()
[ERROR]   location: class com.atschecker.dto.AnalysisResponse
[ERROR] 
[ERROR] -> [Help 1]
[ERROR] 
[ERROR] To see the full stack trace of the errors, re-run Maven with the -e switch.
[ERROR] Re-run Maven using the -X switch to enable full debug logging.
[ERROR] 
[ERROR] For more information about the errors and possible solutions, please read the following articles:
[ERROR] [Help 1] http://cwiki.apache.org/confluence/display/MAVEN/MojoFailureException
